# JRE version: OpenJDK Runtime Environment Temurin-21.0.10+7 (21.0.10+7) (build 21.0.10+7-LTS)
# Java VM: OpenJDK 64-Bit Server VM Temurin-21.0.10+7 (21.0.10+7-LTS, mixed mode, sharing, tiered, compressed oops, compressed class ptrs, parallel gc, windows-amd64)
GC Precious Log:
 CardTable entry size: 512
 CPUs: 12 total, 12 available
 Memory: 15611M
 Large Page Support: Disabled
 NUMA Support: Disabled
 Compressed Oops: Enabled (32-bit)
 Alignments: Space 512K, Generation 512K, Heap 2M
 Heap Min Capacity: 100M
 Heap Initial Capacity: 100M
 Heap Max Capacity: 2G
 Pre-touch: Disabled
 Parallel Workers: 10
Heap:
 PSYoungGen      total 18432K, used 6500K [0x00000000d5580000, 0x00000000d6980000, 0x0000000100000000)
  eden space 16384K, 30% used [0x00000000d5580000,0x00000000d5a592d0,0x00000000d6580000)
  from space 2048K, 75% used [0x00000000d6580000,0x00000000d6700020,0x00000000d6780000)
  to   space 2048K, 0% used [0x00000000d6780000,0x00000000d6780000,0x00000000d6980000)
 ParOldGen       total 68608K, used 66917K [0x0000000080000000, 0x0000000084300000, 0x00000000d5580000)
  object space 68608K, 97% used [0x0000000080000000,0x0000000084159618,0x0000000084300000)
 Metaspace       used 64304K, committed 65792K, reserved 1114112K
  class space    used 6867K, committed 7488K, reserved 1048576K
GC Heap History (20 events):
Event: 61.890 GC heap before
{Heap before GC invocations=67 (full 3):
 PSYoungGen      total 18432K, used 17984K [0x00000000d5580000, 0x00000000d6880000, 0x0000000100000000)
  eden space 17408K, 100% used [0x00000000d5580000,0x00000000d6680000,0x00000000d6680000)
  from space 1024K, 56% used [0x00000000d6680000,0x00000000d6710000,0x00000000d6780000)
  to   space 1024K, 0% used [0x00000000d6780000,0x00000000d6780000,0x00000000d6880000)
 ParOldGen       total 68608K, used 59013K [0x0000000080000000, 0x0000000084300000, 0x00000000d5580000)
  object space 68608K, 86% used [0x0000000080000000,0x00000000839a1518,0x0000000084300000)
 Metaspace       used 59353K, committed 60736K, reserved 1114112K
  class space    used 6415K, committed 7040K, reserved 1048576K
}
Event: 61.891 GC heap after
{Heap after GC invocations=67 (full 3):
 PSYoungGen      total 18432K, used 653K [0x00000000d5580000, 0x00000000d6880000, 0x0000000100000000)
  eden space 17408K, 0% used [0x00000000d5580000,0x00000000d5580000,0x00000000d6680000)
  from space 1024K, 63% used [0x00000000d6780000,0x00000000d6823418,0x00000000d6880000)
  to   space 1024K, 0% used [0x00000000d6680000,0x00000000d6680000,0x00000000d6780000)
 ParOldGen       total 68608K, used 59404K [0x0000000080000000, 0x0000000084300000, 0x00000000d5580000)
  object space 68608K, 86% used [0x0000000080000000,0x0000000083a03150,0x0000000084300000)
 Metaspace       used 59353K, committed 60736K, reserved 1114112K
  class space    used 6415K, committed 7040K, reserved 1048576K
}
Event: 64.112 GC heap before
{Heap before GC invocations=68 (full 3):
 PSYoungGen      total 18432K, used 18061K [0x00000000d5580000, 0x00000000d6880000, 0x0000000100000000)
  eden space 17408K, 100% used [0x00000000d5580000,0x00000000d6680000,0x00000000d6680000)
  from space 1024K, 63% used [0x00000000d6780000,0x00000000d6823418,0x00000000d6880000)
  to   space 1024K, 0% used [0x00000000d6680000,0x00000000d6680000,0x00000000d6780000)
 ParOldGen       total 68608K, used 59404K [0x0000000080000000, 0x0000000084300000, 0x00000000d5580000)
  object space 68608K, 86% used [0x0000000080000000,0x0000000083a03150,0x0000000084300000)
 Metaspace       used 59355K, committed 60736K, reserved 1114112K
  class space    used 6415K, committed 7040K, reserved 1048576K
}
Event: 64.114 GC heap after
{Heap after GC invocations=68 (full 3):
 PSYoungGen      total 18432K, used 661K [0x00000000d5580000, 0x00000000d6880000, 0x0000000100000000)
  eden space 17408K, 0% used [0x00000000d5580000,0x00000000d5580000,0x00000000d6680000)
  from space 1024K, 64% used [0x00000000d6680000,0x00000000d67254f0,0x00000000d6780000)
  to   space 1024K, 0% used [0x00000000d6780000,0x00000000d6780000,0x00000000d6880000)
 ParOldGen       total 68608K, used 59971K [0x0000000080000000, 0x0000000084300000, 0x00000000d5580000)
  object space 68608K, 87% used [0x0000000080000000,0x0000000083a90e40,0x0000000084300000)
 Metaspace       used 59355K, committed 60736K, reserved 1114112K
  class space    used 6415K, committed 7040K, reserved 1048576K
}
Event: 64.154 GC heap before
{Heap before GC invocations=69 (full 3):
 PSYoungGen      total 18432K, used 18069K [0x00000000d5580000, 0x00000000d6880000, 0x0000000100000000)
  eden space 17408K, 100% used [0x00000000d5580000,0x00000000d6680000,0x00000000d6680000)
  from space 1024K, 64% used [0x00000000d6680000,0x00000000d67254f0,0x00000000d6780000)
  to   space 1024K, 0% used [0x00000000d6780000,0x00000000d6780000,0x00000000d6880000)
 ParOldGen       total 68608K, used 59971K [0x0000000080000000, 0x0000000084300000, 0x00000000d5580000)
  object space 68608K, 87% used [0x0000000080000000,0x0000000083a90e40,0x0000000084300000)
 Metaspace       used 59361K, committed 60736K, reserved 1114112K
  class space    used 6415K, committed 7040K, reserved 1048576K
}
Event: 64.156 GC heap after
{Heap after GC invocations=69 (full 3):
 PSYoungGen      total 18432K, used 530K [0x00000000d5580000, 0x00000000d6880000, 0x0000000100000000)
  eden space 17408K, 0% used [0x00000000d5580000,0x00000000d5580000,0x00000000d6680000)
  from space 1024K, 51% used [0x00000000d6780000,0x00000000d6804858,0x00000000d6880000)
  to   space 1024K, 0% used [0x00000000d6680000,0x00000000d6680000,0x00000000d6780000)
 ParOldGen       total 68608K, used 61194K [0x0000000080000000, 0x0000000084300000, 0x00000000d5580000)
  object space 68608K, 89% used [0x0000000080000000,0x0000000083bc2938,0x0000000084300000)
 Metaspace       used 59361K, committed 60736K, reserved 1114112K
  class space    used 6415K, committed 7040K, reserved 1048576K
}
Event: 66.716 GC heap before
{Heap before GC invocations=70 (full 3):
 PSYoungGen      total 18432K, used 17895K [0x00000000d5580000, 0x00000000d6880000, 0x0000000100000000)
  eden space 17408K, 99% used [0x00000000d5580000,0x00000000d6675698,0x00000000d6680000)
  from space 1024K, 51% used [0x00000000d6780000,0x00000000d6804858,0x00000000d6880000)
  to   space 1024K, 0% used [0x00000000d6680000,0x00000000d6680000,0x00000000d6780000)
 ParOldGen       total 68608K, used 61194K [0x0000000080000000, 0x0000000084300000, 0x00000000d5580000)
  object space 68608K, 89% used [0x0000000080000000,0x0000000083bc2938,0x0000000084300000)
 Metaspace       used 59602K, committed 61120K, reserved 1114112K
  class space    used 6446K, committed 7104K, reserved 1048576K
}
Event: 66.718 GC heap after
{Heap after GC invocations=70 (full 3):
 PSYoungGen      total 18432K, used 1024K [0x00000000d5580000, 0x00000000d6a80000, 0x0000000100000000)
  eden space 17408K, 0% used [0x00000000d5580000,0x00000000d5580000,0x00000000d6680000)
  from space 1024K, 100% used [0x00000000d6680000,0x00000000d6780000,0x00000000d6780000)
  to   space 2048K, 0% used [0x00000000d6880000,0x00000000d6880000,0x00000000d6a80000)
 ParOldGen       total 68608K, used 61869K [0x0000000080000000, 0x0000000084300000, 0x00000000d5580000)
  object space 68608K, 90% used [0x0000000080000000,0x0000000083c6b7e8,0x0000000084300000)
 Metaspace       used 59602K, committed 61120K, reserved 1114112K
  class space    used 6446K, committed 7104K, reserved 1048576K
}
Event: 67.159 GC heap before
{Heap before GC invocations=71 (full 3):
 PSYoungGen      total 18432K, used 18432K [0x00000000d5580000, 0x00000000d6a80000, 0x0000000100000000)
  eden space 17408K, 100% used [0x00000000d5580000,0x00000000d6680000,0x00000000d6680000)
  from space 1024K, 100% used [0x00000000d6680000,0x00000000d6780000,0x00000000d6780000)
  to   space 2048K, 0% used [0x00000000d6880000,0x00000000d6880000,0x00000000d6a80000)
 ParOldGen       total 68608K, used 61869K [0x0000000080000000, 0x0000000084300000, 0x00000000d5580000)
  object space 68608K, 90% used [0x0000000080000000,0x0000000083c6b7e8,0x0000000084300000)
 Metaspace       used 60030K, committed 61504K, reserved 1114112K
  class space    used 6487K, committed 7104K, reserved 1048576K
}
Event: 67.165 GC heap after
{Heap after GC invocations=71 (full 3):
 PSYoungGen      total 19456K, used 1930K [0x00000000d5580000, 0x00000000d6a80000, 0x0000000100000000)
  eden space 17408K, 0% used [0x00000000d5580000,0x00000000d5580000,0x00000000d6680000)
  from space 2048K, 94% used [0x00000000d6880000,0x00000000d6a62be8,0x00000000d6a80000)
  to   space 2048K, 0% used [0x00000000d6680000,0x00000000d6680000,0x00000000d6880000)
 ParOldGen       total 68608K, used 62914K [0x0000000080000000, 0x0000000084300000, 0x00000000d5580000)
  object space 68608K, 91% used [0x0000000080000000,0x0000000083d70968,0x0000000084300000)
 Metaspace       used 60030K, committed 61504K, reserved 1114112K
  class space    used 6487K, committed 7104K, reserved 1048576K
}
Event: 68.552 GC heap before
{Heap before GC invocations=72 (full 3):
 PSYoungGen      total 19456K, used 19338K [0x00000000d5580000, 0x00000000d6a80000, 0x0000000100000000)
  eden space 17408K, 100% used [0x00000000d5580000,0x00000000d6680000,0x00000000d6680000)
  from space 2048K, 94% used [0x00000000d6880000,0x00000000d6a62be8,0x00000000d6a80000)
  to   space 2048K, 0% used [0x00000000d6680000,0x00000000d6680000,0x00000000d6880000)
 ParOldGen       total 68608K, used 62914K [0x0000000080000000, 0x0000000084300000, 0x00000000d5580000)
  object space 68608K, 91% used [0x0000000080000000,0x0000000083d70968,0x0000000084300000)
 Metaspace       used 60439K, committed 61888K, reserved 1114112K
  class space    used 6527K, committed 7168K, reserved 1048576K
}
Event: 68.557 GC heap after
{Heap after GC invocations=72 (full 3):
 PSYoungGen      total 19456K, used 1513K [0x00000000d5580000, 0x00000000d6a80000, 0x0000000100000000)
  eden space 17408K, 0% used [0x00000000d5580000,0x00000000d5580000,0x00000000d6680000)
  from space 2048K, 73% used [0x00000000d6680000,0x00000000d67fa6d0,0x00000000d6880000)
  to   space 2048K, 0% used [0x00000000d6880000,0x00000000d6880000,0x00000000d6a80000)
 ParOldGen       total 68608K, used 64059K [0x0000000080000000, 0x0000000084300000, 0x00000000d5580000)
  object space 68608K, 93% used [0x0000000080000000,0x0000000083e8ec30,0x0000000084300000)
 Metaspace       used 60439K, committed 61888K, reserved 1114112K
  class space    used 6527K, committed 7168K, reserved 1048576K
}
Event: 68.839 GC heap before
{Heap before GC invocations=73 (full 3):
 PSYoungGen      total 19456K, used 18898K [0x00000000d5580000, 0x00000000d6a80000, 0x0000000100000000)
  eden space 17408K, 99% used [0x00000000d5580000,0x00000000d667a278,0x00000000d6680000)
  from space 2048K, 73% used [0x00000000d6680000,0x00000000d67fa6d0,0x00000000d6880000)
  to   space 2048K, 0% used [0x00000000d6880000,0x00000000d6880000,0x00000000d6a80000)
 ParOldGen       total 68608K, used 64059K [0x0000000080000000, 0x0000000084300000, 0x00000000d5580000)
  object space 68608K, 93% used [0x0000000080000000,0x0000000083e8ec30,0x0000000084300000)
 Metaspace       used 60789K, committed 62272K, reserved 1114112K
  class space    used 6558K, committed 7232K, reserved 1048576K
}
Event: 68.843 GC heap after
{Heap after GC invocations=73 (full 3):
 PSYoungGen      total 19456K, used 1624K [0x00000000d5580000, 0x00000000d6a80000, 0x0000000100000000)
  eden space 17408K, 0% used [0x00000000d5580000,0x00000000d5580000,0x00000000d6680000)
  from space 2048K, 79% used [0x00000000d6880000,0x00000000d6a16138,0x00000000d6a80000)
  to   space 2048K, 0% used [0x00000000d6680000,0x00000000d6680000,0x00000000d6880000)
 ParOldGen       total 68608K, used 64607K [0x0000000080000000, 0x0000000084300000, 0x00000000d5580000)
  object space 68608K, 94% used [0x0000000080000000,0x0000000083f17f50,0x0000000084300000)
 Metaspace       used 60789K, committed 62272K, reserved 1114112K
  class space    used 6558K, committed 7232K, reserved 1048576K
}
Event: 69.408 GC heap before
{Heap before GC invocations=74 (full 3):
 PSYoungGen      total 19456K, used 19032K [0x00000000d5580000, 0x00000000d6a80000, 0x0000000100000000)
  eden space 17408K, 100% used [0x00000000d5580000,0x00000000d6680000,0x00000000d6680000)
  from space 2048K, 79% used [0x00000000d6880000,0x00000000d6a16138,0x00000000d6a80000)
  to   space 2048K, 0% used [0x00000000d6680000,0x00000000d6680000,0x00000000d6880000)
 ParOldGen       total 68608K, used 64607K [0x0000000080000000, 0x0000000084300000, 0x00000000d5580000)
  object space 68608K, 94% used [0x0000000080000000,0x0000000083f17f50,0x0000000084300000)
 Metaspace       used 62416K, committed 63936K, reserved 1114112K
  class space    used 6707K, committed 7360K, reserved 1048576K
}
Event: 69.411 GC heap after
{Heap after GC invocations=74 (full 3):
 PSYoungGen      total 18432K, used 672K [0x00000000d5580000, 0x00000000d6980000, 0x0000000100000000)
  eden space 17408K, 0% used [0x00000000d5580000,0x00000000d5580000,0x00000000d6680000)
  from space 1024K, 65% used [0x00000000d6680000,0x00000000d6728000,0x00000000d6780000)
  to   space 1536K, 0% used [0x00000000d6800000,0x00000000d6800000,0x00000000d6980000)
 ParOldGen       total 68608K, used 65339K [0x0000000080000000, 0x0000000084300000, 0x00000000d5580000)
  object space 68608K, 95% used [0x0000000080000000,0x0000000083fcef60,0x0000000084300000)
 Metaspace       used 62416K, committed 63936K, reserved 1114112K
  class space    used 6707K, committed 7360K, reserved 1048576K
}
Event: 70.550 GC heap before
{Heap before GC invocations=75 (full 3):
 PSYoungGen      total 18432K, used 18080K [0x00000000d5580000, 0x00000000d6980000, 0x0000000100000000)
  eden space 17408K, 100% used [0x00000000d5580000,0x00000000d6680000,0x00000000d6680000)
  from space 1024K, 65% used [0x00000000d6680000,0x00000000d6728000,0x00000000d6780000)
  to   space 1536K, 0% used [0x00000000d6800000,0x00000000d6800000,0x00000000d6980000)
 ParOldGen       total 68608K, used 65339K [0x0000000080000000, 0x0000000084300000, 0x00000000d5580000)
  object space 68608K, 95% used [0x0000000080000000,0x0000000083fcef60,0x0000000084300000)
 Metaspace       used 63282K, committed 64768K, reserved 1114112K
  class space    used 6758K, committed 7424K, reserved 1048576K
}
Event: 70.553 GC heap after
{Heap after GC invocations=75 (full 3):
 PSYoungGen      total 17920K, used 1520K [0x00000000d5580000, 0x00000000d6b80000, 0x0000000100000000)
  eden space 16384K, 0% used [0x00000000d5580000,0x00000000d5580000,0x00000000d6580000)
  from space 1536K, 98% used [0x00000000d6800000,0x00000000d697c010,0x00000000d6980000)
  to   space 2560K, 0% used [0x00000000d6580000,0x00000000d6580000,0x00000000d6800000)
 ParOldGen       total 68608K, used 66040K [0x0000000080000000, 0x0000000084300000, 0x00000000d5580000)
  object space 68608K, 96% used [0x0000000080000000,0x000000008407e1f0,0x0000000084300000)
 Metaspace       used 63282K, committed 64768K, reserved 1114112K
  class space    used 6758K, committed 7424K, reserved 1048576K
}
Event: 72.860 GC heap before
{Heap before GC invocations=76 (full 3):
 PSYoungGen      total 17920K, used 17903K [0x00000000d5580000, 0x00000000d6b80000, 0x0000000100000000)
  eden space 16384K, 99% used [0x00000000d5580000,0x00000000d657fc48,0x00000000d6580000)
  from space 1536K, 98% used [0x00000000d6800000,0x00000000d697c010,0x00000000d6980000)
  to   space 2560K, 0% used [0x00000000d6580000,0x00000000d6580000,0x00000000d6800000)
 ParOldGen       total 68608K, used 66040K [0x0000000080000000, 0x0000000084300000, 0x00000000d5580000)
  object space 68608K, 96% used [0x0000000080000000,0x000000008407e1f0,0x0000000084300000)
 Metaspace       used 64282K, committed 65728K, reserved 1114112K
  class space    used 6867K, committed 7488K, reserved 1048576K
}
Event: 72.863 GC heap after
{Heap after GC invocations=76 (full 3):
 PSYoungGen      total 18432K, used 1536K [0x00000000d5580000, 0x00000000d6980000, 0x0000000100000000)
  eden space 16384K, 0% used [0x00000000d5580000,0x00000000d5580000,0x00000000d6580000)
  from space 2048K, 75% used [0x00000000d6580000,0x00000000d6700020,0x00000000d6780000)
  to   space 2048K, 0% used [0x00000000d6780000,0x00000000d6780000,0x00000000d6980000)
 ParOldGen       total 68608K, used 66917K [0x0000000080000000, 0x0000000084300000, 0x00000000d5580000)
  object space 68608K, 97% used [0x0000000080000000,0x0000000084159618,0x0000000084300000)
 Metaspace       used 64282K, committed 65728K, reserved 1114112K
  class space    used 6867K, committed 7488K, reserved 1048576K
}

