# JRE version: OpenJDK Runtime Environment Temurin-21.0.10+7 (21.0.10+7) (build 21.0.10+7-LTS)
# Java VM: OpenJDK 64-Bit Server VM Temurin-21.0.10+7 (21.0.10+7-LTS, mixed mode, sharing, tiered, compressed oops, compressed class ptrs, parallel gc, windows-amd64)
GC Precious Log:
 CardTable entry size: 512
 CPUs: 12 total, 12 available
 Memory: 15611M
 Large Page Support: Disabled
 NUMA Support: Disabled
 Compressed Oops: Enabled (32-bit)
 Alignments: Space 512K, Generation 512K, Heap 2M
 Heap Min Capacity: 100M
 Heap Initial Capacity: 100M
 Heap Max Capacity: 2G
 Pre-touch: Disabled
 Parallel Workers: 10
Heap:
 PSYoungGen      total 25088K, used 21586K [0x00000000d5580000, 0x00000000d7b80000, 0x0000000100000000)
  eden space 21504K, 83% used [0x00000000d5580000,0x00000000d6719050,0x00000000d6a80000)
  from space 3584K, 99% used [0x00000000d6b80000,0x00000000d6efb8e0,0x00000000d6f00000)
  to   space 8704K, 0% used [0x00000000d7300000,0x00000000d7300000,0x00000000d7b80000)
 ParOldGen       total 86016K, used 85582K [0x0000000080000000, 0x0000000085400000, 0x00000000d5580000)
  object space 86016K, 99% used [0x0000000080000000,0x00000000853939a0,0x0000000085400000)
 Metaspace       used 57768K, committed 59200K, reserved 1114112K
  class space    used 6152K, committed 6784K, reserved 1048576K
GC Heap History (20 events):
Event: 11.798 GC heap before
{Heap before GC invocations=50 (full 2):
 PSYoungGen      total 23552K, used 22645K [0x00000000d5580000, 0x00000000d6e00000, 0x0000000100000000)
  eden space 22016K, 98% used [0x00000000d5580000,0x00000000d6a9bb38,0x00000000d6b00000)
  from space 1536K, 67% used [0x00000000d6b00000,0x00000000d6c019d8,0x00000000d6c80000)
  to   space 1536K, 0% used [0x00000000d6c80000,0x00000000d6c80000,0x00000000d6e00000)
 ParOldGen       total 69632K, used 69328K [0x0000000080000000, 0x0000000084400000, 0x00000000d5580000)
  object space 69632K, 99% used [0x0000000080000000,0x00000000843b4050,0x0000000084400000)
 Metaspace       used 55224K, committed 56640K, reserved 1114112K
  class space    used 5948K, committed 6592K, reserved 1048576K
}
Event: 11.799 GC heap after
{Heap after GC invocations=50 (full 2):
 PSYoungGen      total 23552K, used 1276K [0x00000000d5580000, 0x00000000d6e00000, 0x0000000100000000)
  eden space 22016K, 0% used [0x00000000d5580000,0x00000000d5580000,0x00000000d6b00000)
  from space 1536K, 83% used [0x00000000d6c80000,0x00000000d6dbf390,0x00000000d6e00000)
  to   space 1536K, 0% used [0x00000000d6b00000,0x00000000d6b00000,0x00000000d6c80000)
 ParOldGen       total 70656K, used 70267K [0x0000000080000000, 0x0000000084500000, 0x00000000d5580000)
  object space 70656K, 99% used [0x0000000080000000,0x000000008449ed20,0x0000000084500000)
 Metaspace       used 55224K, committed 56640K, reserved 1114112K
  class space    used 5948K, committed 6592K, reserved 1048576K
}
Event: 11.828 GC heap before
{Heap before GC invocations=51 (full 2):
 PSYoungGen      total 23552K, used 23292K [0x00000000d5580000, 0x00000000d6e00000, 0x0000000100000000)
  eden space 22016K, 100% used [0x00000000d5580000,0x00000000d6b00000,0x00000000d6b00000)
  from space 1536K, 83% used [0x00000000d6c80000,0x00000000d6dbf390,0x00000000d6e00000)
  to   space 1536K, 0% used [0x00000000d6b00000,0x00000000d6b00000,0x00000000d6c80000)
 ParOldGen       total 70656K, used 70267K [0x0000000080000000, 0x0000000084500000, 0x00000000d5580000)
  object space 70656K, 99% used [0x0000000080000000,0x000000008449ed20,0x0000000084500000)
 Metaspace       used 55225K, committed 56640K, reserved 1114112K
  class space    used 5948K, committed 6592K, reserved 1048576K
}
Event: 11.830 GC heap after
{Heap after GC invocations=51 (full 2):
 PSYoungGen      total 23552K, used 1519K [0x00000000d5580000, 0x00000000d7200000, 0x0000000100000000)
  eden space 22016K, 0% used [0x00000000d5580000,0x00000000d5580000,0x00000000d6b00000)
  from space 1536K, 98% used [0x00000000d6b00000,0x00000000d6c7bd70,0x00000000d6c80000)
  to   space 3584K, 0% used [0x00000000d6e80000,0x00000000d6e80000,0x00000000d7200000)
 ParOldGen       total 72192K, used 71731K [0x0000000080000000, 0x0000000084680000, 0x00000000d5580000)
  object space 72192K, 99% used [0x0000000080000000,0x000000008460cff8,0x0000000084680000)
 Metaspace       used 55225K, committed 56640K, reserved 1114112K
  class space    used 5948K, committed 6592K, reserved 1048576K
}
Event: 11.885 GC heap before
{Heap before GC invocations=52 (full 2):
 PSYoungGen      total 23552K, used 23535K [0x00000000d5580000, 0x00000000d7200000, 0x0000000100000000)
  eden space 22016K, 100% used [0x00000000d5580000,0x00000000d6b00000,0x00000000d6b00000)
  from space 1536K, 98% used [0x00000000d6b00000,0x00000000d6c7bd70,0x00000000d6c80000)
  to   space 3584K, 0% used [0x00000000d6e80000,0x00000000d6e80000,0x00000000d7200000)
 ParOldGen       total 72192K, used 71731K [0x0000000080000000, 0x0000000084680000, 0x00000000d5580000)
  object space 72192K, 99% used [0x0000000080000000,0x000000008460cff8,0x0000000084680000)
 Metaspace       used 55227K, committed 56640K, reserved 1114112K
  class space    used 5948K, committed 6592K, reserved 1048576K
}
Event: 11.886 GC heap after
{Heap after GC invocations=52 (full 2):
 PSYoungGen      total 23040K, used 767K [0x00000000d5580000, 0x00000000d6f80000, 0x0000000100000000)
  eden space 22016K, 0% used [0x00000000d5580000,0x00000000d5580000,0x00000000d6b00000)
  from space 1024K, 74% used [0x00000000d6e80000,0x00000000d6f3ff00,0x00000000d6f80000)
  to   space 2048K, 0% used [0x00000000d6b80000,0x00000000d6b80000,0x00000000d6d80000)
 ParOldGen       total 73216K, used 73199K [0x0000000080000000, 0x0000000084780000, 0x00000000d5580000)
  object space 73216K, 99% used [0x0000000080000000,0x000000008477bcf0,0x0000000084780000)
 Metaspace       used 55227K, committed 56640K, reserved 1114112K
  class space    used 5948K, committed 6592K, reserved 1048576K
}
Event: 11.956 GC heap before
{Heap before GC invocations=53 (full 2):
 PSYoungGen      total 23040K, used 22783K [0x00000000d5580000, 0x00000000d6f80000, 0x0000000100000000)
  eden space 22016K, 100% used [0x00000000d5580000,0x00000000d6b00000,0x00000000d6b00000)
  from space 1024K, 74% used [0x00000000d6e80000,0x00000000d6f3ff00,0x00000000d6f80000)
  to   space 2048K, 0% used [0x00000000d6b80000,0x00000000d6b80000,0x00000000d6d80000)
 ParOldGen       total 73216K, used 73199K [0x0000000080000000, 0x0000000084780000, 0x00000000d5580000)
  object space 73216K, 99% used [0x0000000080000000,0x000000008477bcf0,0x0000000084780000)
 Metaspace       used 55245K, committed 56640K, reserved 1114112K
  class space    used 5948K, committed 6592K, reserved 1048576K
}
Event: 11.957 GC heap after
{Heap after GC invocations=53 (full 2):
 PSYoungGen      total 24064K, used 1268K [0x00000000d5580000, 0x00000000d6f00000, 0x0000000100000000)
  eden space 22016K, 0% used [0x00000000d5580000,0x00000000d5580000,0x00000000d6b00000)
  from space 2048K, 61% used [0x00000000d6b80000,0x00000000d6cbd0b8,0x00000000d6d80000)
  to   space 1536K, 0% used [0x00000000d6d80000,0x00000000d6d80000,0x00000000d6f00000)
 ParOldGen       total 74240K, used 73835K [0x0000000080000000, 0x0000000084880000, 0x00000000d5580000)
  object space 74240K, 99% used [0x0000000080000000,0x000000008481ac40,0x0000000084880000)
 Metaspace       used 55245K, committed 56640K, reserved 1114112K
  class space    used 5948K, committed 6592K, reserved 1048576K
}
Event: 12.000 GC heap before
{Heap before GC invocations=54 (full 2):
 PSYoungGen      total 24064K, used 23284K [0x00000000d5580000, 0x00000000d6f00000, 0x0000000100000000)
  eden space 22016K, 100% used [0x00000000d5580000,0x00000000d6b00000,0x00000000d6b00000)
  from space 2048K, 61% used [0x00000000d6b80000,0x00000000d6cbd0b8,0x00000000d6d80000)
  to   space 1536K, 0% used [0x00000000d6d80000,0x00000000d6d80000,0x00000000d6f00000)
 ParOldGen       total 74240K, used 73835K [0x0000000080000000, 0x0000000084880000, 0x00000000d5580000)
  object space 74240K, 99% used [0x0000000080000000,0x000000008481ac40,0x0000000084880000)
 Metaspace       used 55248K, committed 56640K, reserved 1114112K
  class space    used 5948K, committed 6592K, reserved 1048576K
}
Event: 12.002 GC heap after
{Heap after GC invocations=54 (full 2):
 PSYoungGen      total 23040K, used 1521K [0x00000000d5580000, 0x00000000d7100000, 0x0000000100000000)
  eden space 21504K, 0% used [0x00000000d5580000,0x00000000d5580000,0x00000000d6a80000)
  from space 1536K, 99% used [0x00000000d6d80000,0x00000000d6efc608,0x00000000d6f00000)
  to   space 3072K, 0% used [0x00000000d6a80000,0x00000000d6a80000,0x00000000d6d80000)
 ParOldGen       total 75264K, used 75039K [0x0000000080000000, 0x0000000084980000, 0x00000000d5580000)
  object space 75264K, 99% used [0x0000000080000000,0x0000000084947db0,0x0000000084980000)
 Metaspace       used 55248K, committed 56640K, reserved 1114112K
  class space    used 5948K, committed 6592K, reserved 1048576K
}
Event: 12.049 GC heap before
{Heap before GC invocations=55 (full 2):
 PSYoungGen      total 23040K, used 23025K [0x00000000d5580000, 0x00000000d7100000, 0x0000000100000000)
  eden space 21504K, 100% used [0x00000000d5580000,0x00000000d6a80000,0x00000000d6a80000)
  from space 1536K, 99% used [0x00000000d6d80000,0x00000000d6efc608,0x00000000d6f00000)
  to   space 3072K, 0% used [0x00000000d6a80000,0x00000000d6a80000,0x00000000d6d80000)
 ParOldGen       total 75264K, used 75039K [0x0000000080000000, 0x0000000084980000, 0x00000000d5580000)
  object space 75264K, 99% used [0x0000000080000000,0x0000000084947db0,0x0000000084980000)
 Metaspace       used 55255K, committed 56640K, reserved 1114112K
  class space    used 5948K, committed 6592K, reserved 1048576K
}
Event: 12.051 GC heap after
{Heap after GC invocations=55 (full 2):
 PSYoungGen      total 23040K, used 1179K [0x00000000d5580000, 0x00000000d6e80000, 0x0000000100000000)
  eden space 21504K, 0% used [0x00000000d5580000,0x00000000d5580000,0x00000000d6a80000)
  from space 1536K, 76% used [0x00000000d6a80000,0x00000000d6ba6db8,0x00000000d6c00000)
  to   space 2048K, 0% used [0x00000000d6c80000,0x00000000d6c80000,0x00000000d6e80000)
 ParOldGen       total 76800K, used 76558K [0x0000000080000000, 0x0000000084b00000, 0x00000000d5580000)
  object space 76800K, 99% used [0x0000000080000000,0x0000000084ac3b38,0x0000000084b00000)
 Metaspace       used 55255K, committed 56640K, reserved 1114112K
  class space    used 5948K, committed 6592K, reserved 1048576K
}
Event: 12.118 GC heap before
{Heap before GC invocations=56 (full 2):
 PSYoungGen      total 23040K, used 22683K [0x00000000d5580000, 0x00000000d6e80000, 0x0000000100000000)
  eden space 21504K, 100% used [0x00000000d5580000,0x00000000d6a80000,0x00000000d6a80000)
  from space 1536K, 76% used [0x00000000d6a80000,0x00000000d6ba6db8,0x00000000d6c00000)
  to   space 2048K, 0% used [0x00000000d6c80000,0x00000000d6c80000,0x00000000d6e80000)
 ParOldGen       total 76800K, used 76558K [0x0000000080000000, 0x0000000084b00000, 0x00000000d5580000)
  object space 76800K, 99% used [0x0000000080000000,0x0000000084ac3b38,0x0000000084b00000)
 Metaspace       used 55260K, committed 56640K, reserved 1114112K
  class space    used 5948K, committed 6592K, reserved 1048576K
}
Event: 12.120 GC heap after
{Heap after GC invocations=56 (full 2):
 PSYoungGen      total 23040K, used 1147K [0x00000000d5580000, 0x00000000d6e00000, 0x0000000100000000)
  eden space 21504K, 0% used [0x00000000d5580000,0x00000000d5580000,0x00000000d6a80000)
  from space 1536K, 74% used [0x00000000d6c80000,0x00000000d6d9eed0,0x00000000d6e00000)
  to   space 1536K, 0% used [0x00000000d6a80000,0x00000000d6a80000,0x00000000d6c00000)
 ParOldGen       total 77824K, used 77602K [0x0000000080000000, 0x0000000084c00000, 0x00000000d5580000)
  object space 77824K, 99% used [0x0000000080000000,0x0000000084bc8930,0x0000000084c00000)
 Metaspace       used 55260K, committed 56640K, reserved 1114112K
  class space    used 5948K, committed 6592K, reserved 1048576K
}
Event: 12.380 GC heap before
{Heap before GC invocations=57 (full 2):
 PSYoungGen      total 23040K, used 22651K [0x00000000d5580000, 0x00000000d6e00000, 0x0000000100000000)
  eden space 21504K, 100% used [0x00000000d5580000,0x00000000d6a80000,0x00000000d6a80000)
  from space 1536K, 74% used [0x00000000d6c80000,0x00000000d6d9eed0,0x00000000d6e00000)
  to   space 1536K, 0% used [0x00000000d6a80000,0x00000000d6a80000,0x00000000d6c00000)
 ParOldGen       total 77824K, used 77602K [0x0000000080000000, 0x0000000084c00000, 0x00000000d5580000)
  object space 77824K, 99% used [0x0000000080000000,0x0000000084bc8930,0x0000000084c00000)
 Metaspace       used 56723K, committed 58048K, reserved 1114112K
  class space    used 6076K, committed 6656K, reserved 1048576K
}
Event: 12.383 GC heap after
{Heap after GC invocations=57 (full 2):
 PSYoungGen      total 23040K, used 1504K [0x00000000d5580000, 0x00000000d7380000, 0x0000000100000000)
  eden space 21504K, 0% used [0x00000000d5580000,0x00000000d5580000,0x00000000d6a80000)
  from space 1536K, 97% used [0x00000000d6a80000,0x00000000d6bf80e8,0x00000000d6c00000)
  to   space 4608K, 0% used [0x00000000d6f00000,0x00000000d6f00000,0x00000000d7380000)
 ParOldGen       total 79872K, used 79803K [0x0000000080000000, 0x0000000084e00000, 0x00000000d5580000)
  object space 79872K, 99% used [0x0000000080000000,0x0000000084deefe8,0x0000000084e00000)
 Metaspace       used 56723K, committed 58048K, reserved 1114112K
  class space    used 6076K, committed 6656K, reserved 1048576K
}
Event: 12.629 GC heap before
{Heap before GC invocations=58 (full 2):
 PSYoungGen      total 23040K, used 23008K [0x00000000d5580000, 0x00000000d7380000, 0x0000000100000000)
  eden space 21504K, 100% used [0x00000000d5580000,0x00000000d6a80000,0x00000000d6a80000)
  from space 1536K, 97% used [0x00000000d6a80000,0x00000000d6bf80e8,0x00000000d6c00000)
  to   space 4608K, 0% used [0x00000000d6f00000,0x00000000d6f00000,0x00000000d7380000)
 ParOldGen       total 79872K, used 79803K [0x0000000080000000, 0x0000000084e00000, 0x00000000d5580000)
  object space 79872K, 99% used [0x0000000080000000,0x0000000084deefe8,0x0000000084e00000)
 Metaspace       used 57291K, committed 58688K, reserved 1114112K
  class space    used 6135K, committed 6720K, reserved 1048576K
}
Event: 12.632 GC heap after
{Heap after GC invocations=58 (full 2):
 PSYoungGen      total 25088K, used 3376K [0x00000000d5580000, 0x00000000d7280000, 0x0000000100000000)
  eden space 21504K, 0% used [0x00000000d5580000,0x00000000d5580000,0x00000000d6a80000)
  from space 3584K, 94% used [0x00000000d6f00000,0x00000000d724c020,0x00000000d7280000)
  to   space 3584K, 0% used [0x00000000d6b80000,0x00000000d6b80000,0x00000000d6f00000)
 ParOldGen       total 81408K, used 81312K [0x0000000080000000, 0x0000000084f80000, 0x00000000d5580000)
  object space 81408K, 99% used [0x0000000080000000,0x0000000084f681d0,0x0000000084f80000)
 Metaspace       used 57291K, committed 58688K, reserved 1114112K
  class space    used 6135K, committed 6720K, reserved 1048576K
}
Event: 12.791 GC heap before
{Heap before GC invocations=59 (full 2):
 PSYoungGen      total 25088K, used 24880K [0x00000000d5580000, 0x00000000d7280000, 0x0000000100000000)
  eden space 21504K, 100% used [0x00000000d5580000,0x00000000d6a80000,0x00000000d6a80000)
  from space 3584K, 94% used [0x00000000d6f00000,0x00000000d724c020,0x00000000d7280000)
  to   space 3584K, 0% used [0x00000000d6b80000,0x00000000d6b80000,0x00000000d6f00000)
 ParOldGen       total 81408K, used 81312K [0x0000000080000000, 0x0000000084f80000, 0x00000000d5580000)
  object space 81408K, 99% used [0x0000000080000000,0x0000000084f681d0,0x0000000084f80000)
 Metaspace       used 57488K, committed 58880K, reserved 1114112K
  class space    used 6142K, committed 6720K, reserved 1048576K
}
Event: 12.819 GC heap after
{Heap after GC invocations=59 (full 2):
 PSYoungGen      total 25088K, used 3566K [0x00000000d5580000, 0x00000000d7b80000, 0x0000000100000000)
  eden space 21504K, 0% used [0x00000000d5580000,0x00000000d5580000,0x00000000d6a80000)
  from space 3584K, 99% used [0x00000000d6b80000,0x00000000d6efb8e0,0x00000000d6f00000)
  to   space 8704K, 0% used [0x00000000d7300000,0x00000000d7300000,0x00000000d7b80000)
 ParOldGen       total 86016K, used 85582K [0x0000000080000000, 0x0000000085400000, 0x00000000d5580000)
  object space 86016K, 99% used [0x0000000080000000,0x00000000853939a0,0x0000000085400000)
 Metaspace       used 57488K, committed 58880K, reserved 1114112K
  class space    used 6142K, committed 6720K, reserved 1048576K
}

