# JRE version: OpenJDK Runtime Environment Temurin-21.0.10+7 (21.0.10+7) (build 21.0.10+7-LTS)
# Java VM: OpenJDK 64-Bit Server VM Temurin-21.0.10+7 (21.0.10+7-LTS, mixed mode, sharing, tiered, compressed oops, compressed class ptrs, parallel gc, windows-amd64)
GC Precious Log:
 CardTable entry size: 512
 CPUs: 12 total, 12 available
 Memory: 15611M
 Large Page Support: Disabled
 NUMA Support: Disabled
 Compressed Oops: Enabled (32-bit)
 Alignments: Space 512K, Generation 512K, Heap 2M
 Heap Min Capacity: 100M
 Heap Initial Capacity: 100M
 Heap Max Capacity: 2G
 Pre-touch: Disabled
 Parallel Workers: 10
Heap:
 PSYoungGen      total 20992K, used 10139K [0x00000000d5580000, 0x00000000d6c80000, 0x0000000100000000)
  eden space 20480K, 47% used [0x00000000d5580000,0x00000000d5ee6fb8,0x00000000d6980000)
  from space 512K, 100% used [0x00000000d6b00000,0x00000000d6b80000,0x00000000d6b80000)
  to   space 1536K, 0% used [0x00000000d6980000,0x00000000d6980000,0x00000000d6b00000)
 ParOldGen       total 68608K, used 51697K [0x0000000080000000, 0x0000000084300000, 0x00000000d5580000)
  object space 68608K, 75% used [0x0000000080000000,0x000000008327c430,0x0000000084300000)
 Metaspace       used 57990K, committed 59456K, reserved 1114112K
  class space    used 6259K, committed 6912K, reserved 1048576K
GC Heap History (20 events):
Event: 27.006 GC heap before
{Heap before GC invocations=32 (full 2):
 PSYoungGen      total 23040K, used 22112K [0x00000000d5580000, 0x00000000d6d00000, 0x0000000100000000)
  eden space 21504K, 100% used [0x00000000d5580000,0x00000000d6a80000,0x00000000d6a80000)
  from space 1536K, 39% used [0x00000000d6a80000,0x00000000d6b18010,0x00000000d6c00000)
  to   space 1024K, 0% used [0x00000000d6c00000,0x00000000d6c00000,0x00000000d6d00000)
 ParOldGen       total 68608K, used 41930K [0x0000000080000000, 0x0000000084300000, 0x00000000d5580000)
  object space 68608K, 61% used [0x0000000080000000,0x00000000828f2bd0,0x0000000084300000)
 Metaspace       used 55485K, committed 57024K, reserved 1114112K
  class space    used 6049K, committed 6720K, reserved 1048576K
}
Event: 27.010 GC heap after
{Heap after GC invocations=32 (full 2):
 PSYoungGen      total 21504K, used 1005K [0x00000000d5580000, 0x00000000d6f80000, 0x0000000100000000)
  eden space 20480K, 0% used [0x00000000d5580000,0x00000000d5580000,0x00000000d6980000)
  from space 1024K, 98% used [0x00000000d6c00000,0x00000000d6cfb510,0x00000000d6d00000)
  to   space 2560K, 0% used [0x00000000d6980000,0x00000000d6980000,0x00000000d6c00000)
 ParOldGen       total 68608K, used 43047K [0x0000000080000000, 0x0000000084300000, 0x00000000d5580000)
  object space 68608K, 62% used [0x0000000080000000,0x0000000082a09eb8,0x0000000084300000)
 Metaspace       used 55485K, committed 57024K, reserved 1114112K
  class space    used 6049K, committed 6720K, reserved 1048576K
}
Event: 27.322 GC heap before
{Heap before GC invocations=33 (full 2):
 PSYoungGen      total 21504K, used 21485K [0x00000000d5580000, 0x00000000d6f80000, 0x0000000100000000)
  eden space 20480K, 100% used [0x00000000d5580000,0x00000000d6980000,0x00000000d6980000)
  from space 1024K, 98% used [0x00000000d6c00000,0x00000000d6cfb510,0x00000000d6d00000)
  to   space 2560K, 0% used [0x00000000d6980000,0x00000000d6980000,0x00000000d6c00000)
 ParOldGen       total 68608K, used 43047K [0x0000000080000000, 0x0000000084300000, 0x00000000d5580000)
  object space 68608K, 62% used [0x0000000080000000,0x0000000082a09eb8,0x0000000084300000)
 Metaspace       used 57093K, committed 58496K, reserved 1114112K
  class space    used 6171K, committed 6784K, reserved 1048576K
}
Event: 27.324 GC heap after
{Heap after GC invocations=33 (full 2):
 PSYoungGen      total 22016K, used 1255K [0x00000000d5580000, 0x00000000d6d80000, 0x0000000100000000)
  eden space 20480K, 0% used [0x00000000d5580000,0x00000000d5580000,0x00000000d6980000)
  from space 1536K, 81% used [0x00000000d6980000,0x00000000d6ab9c18,0x00000000d6b00000)
  to   space 2048K, 0% used [0x00000000d6b80000,0x00000000d6b80000,0x00000000d6d80000)
 ParOldGen       total 68608K, used 44052K [0x0000000080000000, 0x0000000084300000, 0x00000000d5580000)
  object space 68608K, 64% used [0x0000000080000000,0x0000000082b053c8,0x0000000084300000)
 Metaspace       used 57093K, committed 58496K, reserved 1114112K
  class space    used 6171K, committed 6784K, reserved 1048576K
}
Event: 27.411 GC heap before
{Heap before GC invocations=34 (full 2):
 PSYoungGen      total 22016K, used 21735K [0x00000000d5580000, 0x00000000d6d80000, 0x0000000100000000)
  eden space 20480K, 100% used [0x00000000d5580000,0x00000000d6980000,0x00000000d6980000)
  from space 1536K, 81% used [0x00000000d6980000,0x00000000d6ab9c18,0x00000000d6b00000)
  to   space 2048K, 0% used [0x00000000d6b80000,0x00000000d6b80000,0x00000000d6d80000)
 ParOldGen       total 68608K, used 44052K [0x0000000080000000, 0x0000000084300000, 0x00000000d5580000)
  object space 68608K, 64% used [0x0000000080000000,0x0000000082b053c8,0x0000000084300000)
 Metaspace       used 57414K, committed 58816K, reserved 1114112K
  class space    used 6204K, committed 6848K, reserved 1048576K
}
Event: 27.414 GC heap after
{Heap after GC invocations=34 (full 2):
 PSYoungGen      total 22528K, used 1879K [0x00000000d5580000, 0x00000000d6d80000, 0x0000000100000000)
  eden space 20480K, 0% used [0x00000000d5580000,0x00000000d5580000,0x00000000d6980000)
  from space 2048K, 91% used [0x00000000d6b80000,0x00000000d6d55de0,0x00000000d6d80000)
  to   space 2048K, 0% used [0x00000000d6980000,0x00000000d6980000,0x00000000d6b80000)
 ParOldGen       total 68608K, used 44913K [0x0000000080000000, 0x0000000084300000, 0x00000000d5580000)
  object space 68608K, 65% used [0x0000000080000000,0x0000000082bdc6a8,0x0000000084300000)
 Metaspace       used 57414K, committed 58816K, reserved 1114112K
  class space    used 6204K, committed 6848K, reserved 1048576K
}
Event: 27.483 GC heap before
{Heap before GC invocations=35 (full 2):
 PSYoungGen      total 22528K, used 22359K [0x00000000d5580000, 0x00000000d6d80000, 0x0000000100000000)
  eden space 20480K, 100% used [0x00000000d5580000,0x00000000d6980000,0x00000000d6980000)
  from space 2048K, 91% used [0x00000000d6b80000,0x00000000d6d55de0,0x00000000d6d80000)
  to   space 2048K, 0% used [0x00000000d6980000,0x00000000d6980000,0x00000000d6b80000)
 ParOldGen       total 68608K, used 44913K [0x0000000080000000, 0x0000000084300000, 0x00000000d5580000)
  object space 68608K, 65% used [0x0000000080000000,0x0000000082bdc6a8,0x0000000084300000)
 Metaspace       used 57582K, committed 58944K, reserved 1114112K
  class space    used 6217K, committed 6848K, reserved 1048576K
}
Event: 27.485 GC heap after
{Heap after GC invocations=35 (full 2):
 PSYoungGen      total 21504K, used 688K [0x00000000d5580000, 0x00000000d6c80000, 0x0000000100000000)
  eden space 20480K, 0% used [0x00000000d5580000,0x00000000d5580000,0x00000000d6980000)
  from space 1024K, 67% used [0x00000000d6980000,0x00000000d6a2c030,0x00000000d6a80000)
  to   space 1536K, 0% used [0x00000000d6b00000,0x00000000d6b00000,0x00000000d6c80000)
 ParOldGen       total 68608K, used 46547K [0x0000000080000000, 0x0000000084300000, 0x00000000d5580000)
  object space 68608K, 67% used [0x0000000080000000,0x0000000082d74dd0,0x0000000084300000)
 Metaspace       used 57582K, committed 58944K, reserved 1114112K
  class space    used 6217K, committed 6848K, reserved 1048576K
}
Event: 27.540 GC heap before
{Heap before GC invocations=36 (full 2):
 PSYoungGen      total 21504K, used 21168K [0x00000000d5580000, 0x00000000d6c80000, 0x0000000100000000)
  eden space 20480K, 100% used [0x00000000d5580000,0x00000000d6980000,0x00000000d6980000)
  from space 1024K, 67% used [0x00000000d6980000,0x00000000d6a2c030,0x00000000d6a80000)
  to   space 1536K, 0% used [0x00000000d6b00000,0x00000000d6b00000,0x00000000d6c80000)
 ParOldGen       total 68608K, used 46547K [0x0000000080000000, 0x0000000084300000, 0x00000000d5580000)
  object space 68608K, 67% used [0x0000000080000000,0x0000000082d74dd0,0x0000000084300000)
 Metaspace       used 57659K, committed 59008K, reserved 1114112K
  class space    used 6228K, committed 6848K, reserved 1048576K
}
Event: 27.542 GC heap after
{Heap after GC invocations=36 (full 2):
 PSYoungGen      total 21504K, used 623K [0x00000000d5580000, 0x00000000d6c00000, 0x0000000100000000)
  eden space 20480K, 0% used [0x00000000d5580000,0x00000000d5580000,0x00000000d6980000)
  from space 1024K, 60% used [0x00000000d6b00000,0x00000000d6b9bd68,0x00000000d6c00000)
  to   space 1024K, 0% used [0x00000000d6980000,0x00000000d6980000,0x00000000d6a80000)
 ParOldGen       total 68608K, used 47120K [0x0000000080000000, 0x0000000084300000, 0x00000000d5580000)
  object space 68608K, 68% used [0x0000000080000000,0x0000000082e041e0,0x0000000084300000)
 Metaspace       used 57659K, committed 59008K, reserved 1114112K
  class space    used 6228K, committed 6848K, reserved 1048576K
}
Event: 27.621 GC heap before
{Heap before GC invocations=37 (full 2):
 PSYoungGen      total 21504K, used 21103K [0x00000000d5580000, 0x00000000d6c00000, 0x0000000100000000)
  eden space 20480K, 100% used [0x00000000d5580000,0x00000000d6980000,0x00000000d6980000)
  from space 1024K, 60% used [0x00000000d6b00000,0x00000000d6b9bd68,0x00000000d6c00000)
  to   space 1024K, 0% used [0x00000000d6980000,0x00000000d6980000,0x00000000d6a80000)
 ParOldGen       total 68608K, used 47120K [0x0000000080000000, 0x0000000084300000, 0x00000000d5580000)
  object space 68608K, 68% used [0x0000000080000000,0x0000000082e041e0,0x0000000084300000)
 Metaspace       used 57715K, committed 59136K, reserved 1114112K
  class space    used 6239K, committed 6848K, reserved 1048576K
}
Event: 27.624 GC heap after
{Heap after GC invocations=37 (full 2):
 PSYoungGen      total 21504K, used 1000K [0x00000000d5580000, 0x00000000d6d80000, 0x0000000100000000)
  eden space 20480K, 0% used [0x00000000d5580000,0x00000000d5580000,0x00000000d6980000)
  from space 1024K, 97% used [0x00000000d6980000,0x00000000d6a7a098,0x00000000d6a80000)
  to   space 2048K, 0% used [0x00000000d6b80000,0x00000000d6b80000,0x00000000d6d80000)
 ParOldGen       total 68608K, used 47940K [0x0000000080000000, 0x0000000084300000, 0x00000000d5580000)
  object space 68608K, 69% used [0x0000000080000000,0x0000000082ed1390,0x0000000084300000)
 Metaspace       used 57715K, committed 59136K, reserved 1114112K
  class space    used 6239K, committed 6848K, reserved 1048576K
}
Event: 27.709 GC heap before
{Heap before GC invocations=38 (full 2):
 PSYoungGen      total 21504K, used 21480K [0x00000000d5580000, 0x00000000d6d80000, 0x0000000100000000)
  eden space 20480K, 100% used [0x00000000d5580000,0x00000000d6980000,0x00000000d6980000)
  from space 1024K, 97% used [0x00000000d6980000,0x00000000d6a7a098,0x00000000d6a80000)
  to   space 2048K, 0% used [0x00000000d6b80000,0x00000000d6b80000,0x00000000d6d80000)
 ParOldGen       total 68608K, used 47940K [0x0000000080000000, 0x0000000084300000, 0x00000000d5580000)
  object space 68608K, 69% used [0x0000000080000000,0x0000000082ed1390,0x0000000084300000)
 Metaspace       used 57771K, committed 59136K, reserved 1114112K
  class space    used 6241K, committed 6848K, reserved 1048576K
}
Event: 27.712 GC heap after
{Heap after GC invocations=38 (full 2):
 PSYoungGen      total 22016K, used 1147K [0x00000000d5580000, 0x00000000d6d00000, 0x0000000100000000)
  eden space 20480K, 0% used [0x00000000d5580000,0x00000000d5580000,0x00000000d6980000)
  from space 1536K, 74% used [0x00000000d6b80000,0x00000000d6c9eed8,0x00000000d6d00000)
  to   space 1536K, 0% used [0x00000000d6a00000,0x00000000d6a00000,0x00000000d6b80000)
 ParOldGen       total 68608K, used 48900K [0x0000000080000000, 0x0000000084300000, 0x00000000d5580000)
  object space 68608K, 71% used [0x0000000080000000,0x0000000082fc1200,0x0000000084300000)
 Metaspace       used 57771K, committed 59136K, reserved 1114112K
  class space    used 6241K, committed 6848K, reserved 1048576K
}
Event: 27.750 GC heap before
{Heap before GC invocations=39 (full 2):
 PSYoungGen      total 22016K, used 21627K [0x00000000d5580000, 0x00000000d6d00000, 0x0000000100000000)
  eden space 20480K, 100% used [0x00000000d5580000,0x00000000d6980000,0x00000000d6980000)
  from space 1536K, 74% used [0x00000000d6b80000,0x00000000d6c9eed8,0x00000000d6d00000)
  to   space 1536K, 0% used [0x00000000d6a00000,0x00000000d6a00000,0x00000000d6b80000)
 ParOldGen       total 68608K, used 48900K [0x0000000080000000, 0x0000000084300000, 0x00000000d5580000)
  object space 68608K, 71% used [0x0000000080000000,0x0000000082fc1200,0x0000000084300000)
 Metaspace       used 57779K, committed 59200K, reserved 1114112K
  class space    used 6242K, committed 6848K, reserved 1048576K
}
Event: 27.752 GC heap after
{Heap after GC invocations=39 (full 2):
 PSYoungGen      total 21504K, used 889K [0x00000000d5580000, 0x00000000d6c00000, 0x0000000100000000)
  eden space 20480K, 0% used [0x00000000d5580000,0x00000000d5580000,0x00000000d6980000)
  from space 1024K, 86% used [0x00000000d6a00000,0x00000000d6ade6b0,0x00000000d6b00000)
  to   space 1024K, 0% used [0x00000000d6b00000,0x00000000d6b00000,0x00000000d6c00000)
 ParOldGen       total 68608K, used 49787K [0x0000000080000000, 0x0000000084300000, 0x00000000d5580000)
  object space 68608K, 72% used [0x0000000080000000,0x000000008309efa0,0x0000000084300000)
 Metaspace       used 57779K, committed 59200K, reserved 1114112K
  class space    used 6242K, committed 6848K, reserved 1048576K
}
Event: 27.784 GC heap before
{Heap before GC invocations=40 (full 2):
 PSYoungGen      total 21504K, used 21369K [0x00000000d5580000, 0x00000000d6c00000, 0x0000000100000000)
  eden space 20480K, 100% used [0x00000000d5580000,0x00000000d6980000,0x00000000d6980000)
  from space 1024K, 86% used [0x00000000d6a00000,0x00000000d6ade6b0,0x00000000d6b00000)
  to   space 1024K, 0% used [0x00000000d6b00000,0x00000000d6b00000,0x00000000d6c00000)
 ParOldGen       total 68608K, used 49787K [0x0000000080000000, 0x0000000084300000, 0x00000000d5580000)
  object space 68608K, 72% used [0x0000000080000000,0x000000008309efa0,0x0000000084300000)
 Metaspace       used 57783K, committed 59200K, reserved 1114112K
  class space    used 6243K, committed 6848K, reserved 1048576K
}
Event: 27.787 GC heap after
{Heap after GC invocations=40 (full 2):
 PSYoungGen      total 21504K, used 873K [0x00000000d5580000, 0x00000000d6c00000, 0x0000000100000000)
  eden space 20480K, 0% used [0x00000000d5580000,0x00000000d5580000,0x00000000d6980000)
  from space 1024K, 85% used [0x00000000d6b00000,0x00000000d6bda568,0x00000000d6c00000)
  to   space 1024K, 0% used [0x00000000d6a00000,0x00000000d6a00000,0x00000000d6b00000)
 ParOldGen       total 68608K, used 50452K [0x0000000080000000, 0x0000000084300000, 0x00000000d5580000)
  object space 68608K, 73% used [0x0000000080000000,0x0000000083145168,0x0000000084300000)
 Metaspace       used 57783K, committed 59200K, reserved 1114112K
  class space    used 6243K, committed 6848K, reserved 1048576K
}
Event: 27.826 GC heap before
{Heap before GC invocations=41 (full 2):
 PSYoungGen      total 21504K, used 21353K [0x00000000d5580000, 0x00000000d6c00000, 0x0000000100000000)
  eden space 20480K, 100% used [0x00000000d5580000,0x00000000d6980000,0x00000000d6980000)
  from space 1024K, 85% used [0x00000000d6b00000,0x00000000d6bda568,0x00000000d6c00000)
  to   space 1024K, 0% used [0x00000000d6a00000,0x00000000d6a00000,0x00000000d6b00000)
 ParOldGen       total 68608K, used 50452K [0x0000000080000000, 0x0000000084300000, 0x00000000d5580000)
  object space 68608K, 73% used [0x0000000080000000,0x0000000083145168,0x0000000084300000)
 Metaspace       used 57865K, committed 59264K, reserved 1114112K
  class space    used 6251K, committed 6848K, reserved 1048576K
}
Event: 27.828 GC heap after
{Heap after GC invocations=41 (full 2):
 PSYoungGen      total 21504K, used 704K [0x00000000d5580000, 0x00000000d6b80000, 0x0000000100000000)
  eden space 20480K, 0% used [0x00000000d5580000,0x00000000d5580000,0x00000000d6980000)
  from space 1024K, 68% used [0x00000000d6a00000,0x00000000d6ab0000,0x00000000d6b00000)
  to   space 512K, 0% used [0x00000000d6b00000,0x00000000d6b00000,0x00000000d6b80000)
 ParOldGen       total 68608K, used 51121K [0x0000000080000000, 0x0000000084300000, 0x00000000d5580000)
  object space 68608K, 74% used [0x0000000080000000,0x00000000831ec430,0x0000000084300000)
 Metaspace       used 57865K, committed 59264K, reserved 1114112K
  class space    used 6251K, committed 6848K, reserved 1048576K
}

